<?xml version="1.0" encoding="UTF-8"?>
<!-- Generated by org.testng.reporters.JUnitReportReporter -->
<testsuite hostname="DESKTOP-ICR4GQE" failures="0" tests="1" name="com.irshadproject.qa.test.PageLoginTest" time="90.869" errors="0" timestamp="2023-04-26T00:01:43 IST" skipped="0">
  <testcase classname="com.irshadproject.qa.test.PageLoginTest" name="ValidateLoginWithValidDataTest" time="90.869"/>
  <system-out/>
</testsuite> <!-- com.irshadproject.qa.test.PageLoginTest -->
