<?xml version="1.0" encoding="UTF-8"?>
<!-- Generated by org.testng.reporters.JUnitReportReporter -->
<testsuite hostname="DESKTOP-ICR4GQE" failures="0" tests="1" name="com.irshadproject.qa.test.CheckOutYourInfoTest" time="8.680" errors="0" timestamp="2023-04-28T00:47:07 IST" skipped="0">
  <testcase classname="com.irshadproject.qa.test.CheckOutYourInfoTest" name="ValidateCheckOutYourInfoTest" time="8.680"/>
  <system-out/>
</testsuite> <!-- com.irshadproject.qa.test.CheckOutYourInfoTest -->
