<?xml version="1.0" encoding="UTF-8"?>
<!-- Generated by org.testng.reporters.JUnitReportReporter -->
<testsuite hostname="DESKTOP-ICR4GQE" failures="0" tests="1" name="com.irshadproject.qa.test.AddToCratPushTest" time="6.779" errors="0" timestamp="2023-04-26T01:44:37 IST" skipped="0">
  <testcase classname="com.irshadproject.qa.test.AddToCratPushTest" name="ValidateAddToCartTest" time="6.779"/>
  <system-out/>
</testsuite> <!-- com.irshadproject.qa.test.AddToCratPushTest -->
