<?xml version="1.0" encoding="UTF-8"?>
<!-- Generated by org.testng.reporters.JUnitReportReporter -->
<testsuite hostname="DESKTOP-ICR4GQE" failures="0" tests="1" name="com.irshadproject.qa.test.LoginTest" time="10.754" errors="0" timestamp="2023-05-12T00:48:42 IST" skipped="0">
  <testcase classname="com.irshadproject.qa.test.LoginTest" name="ValidateLoginWithValidDataTest" time="10.754"/>
  <system-out/>
</testsuite> <!-- com.irshadproject.qa.test.LoginTest -->
