<?xml version="1.0" encoding="UTF-8"?>
<!-- Generated by org.testng.reporters.JUnitReportReporter -->
<testsuite hostname="DESKTOP-ICR4GQE" failures="0" tests="1" name="com.irshadproject.qa.test.CheckoutOverviewTest" time="8.652" errors="0" timestamp="2023-04-28T01:09:17 IST" skipped="0">
  <testcase classname="com.irshadproject.qa.test.CheckoutOverviewTest" name="ValidateCheckoutOverviewPageTest" time="8.652"/>
  <system-out/>
</testsuite> <!-- com.irshadproject.qa.test.CheckoutOverviewTest -->
