<?xml version="1.0" encoding="UTF-8"?>
<!-- Generated by org.testng.reporters.JUnitReportReporter -->
<testsuite hostname="DESKTOP-ICR4GQE" failures="0" tests="1" name="com.irshadproject.qa.test.YourCartTest" time="7.164" errors="0" timestamp="2023-04-27T23:54:01 IST" skipped="0">
  <testcase classname="com.irshadproject.qa.test.YourCartTest" name="ValidateCheckOutTest" time="7.164"/>
  <system-out/>
</testsuite> <!-- com.irshadproject.qa.test.YourCartTest -->
