<?xml version="1.0" encoding="UTF-8"?>
<!-- Generated by org.testng.reporters.JUnitReportReporter -->
<testsuite hostname="DESKTOP-ICR4GQE" failures="0" tests="1" name="com.irshadproject.qa.test.CheckoutCompleteTest" time="15.278" errors="0" timestamp="2023-04-28T02:18:06 IST" skipped="0">
  <testcase classname="com.irshadproject.qa.test.CheckoutCompleteTest" name="ValidateCheckoutCompletetest" time="15.278"/>
  <system-out/>
</testsuite> <!-- com.irshadproject.qa.test.CheckoutCompleteTest -->
